[1117/105339.155:ERROR:directory_reader_win.cc(43)] FindFirstFile: The system cannot find the path specified. (0x3)
[1118/070047.103:ERROR:filesystem_win.cc(129)] GetFileAttributes C:\Users\HP\AppData\Local\Google\Chrome\User Data\Crashpad\attachments\cd6718da-18fa-47e2-921e-07f1cc50f178: The system cannot find the path specified. (0x3)
[1118/070303.181:ERROR:directory_reader_win.cc(43)] FindFirstFile: The system cannot find the path specified. (0x3)
[1118/095819.191:ERROR:directory_reader_win.cc(43)] FindFirstFile: The system cannot find the path specified. (0x3)
[1118/155704.747:ERROR:directory_reader_win.cc(43)] FindFirstFile: The system cannot find the path specified. (0x3)
[1118/220040.996:ERROR:directory_reader_win.cc(43)] FindFirstFile: The system cannot find the path specified. (0x3)
[1119/143139.540:ERROR:directory_reader_win.cc(43)] FindFirstFile: The system cannot find the path specified. (0x3)
[1120/080046.283:ERROR:directory_reader_win.cc(43)] FindFirstFile: The system cannot find the path specified. (0x3)
[1120/123408.656:ERROR:directory_reader_win.cc(43)] FindFirstFile: The system cannot find the path specified. (0x3)
[1120/214202.691:ERROR:directory_reader_win.cc(43)] FindFirstFile: The system cannot find the path specified. (0x3)
[1121/075606.169:ERROR:directory_reader_win.cc(43)] FindFirstFile: The system cannot find the path specified. (0x3)
[1122/194947.865:ERROR:directory_reader_win.cc(43)] FindFirstFile: The system cannot find the path specified. (0x3)
[1123/074230.988:ERROR:directory_reader_win.cc(43)] FindFirstFile: The system cannot find the path specified. (0x3)
[1123/081751.743:ERROR:process_reader_win.cc(151)] SuspendThread: Access is denied. (0x5)
[1123/081751.743:ERROR:process_reader_win.cc(151)] SuspendThread: Access is denied. (0x5)
[1123/081751.743:ERROR:process_reader_win.cc(151)] SuspendThread: Access is denied. (0x5)
[1123/081751.743:ERROR:process_reader_win.cc(151)] SuspendThread: Access is denied. (0x5)
[1123/081751.743:ERROR:process_reader_win.cc(151)] SuspendThread: Access is denied. (0x5)
[1123/081751.743:ERROR:process_reader_win.cc(151)] SuspendThread: Access is denied. (0x5)
[1123/081751.743:ERROR:process_reader_win.cc(151)] SuspendThread: Access is denied. (0x5)
[1123/081751.743:ERROR:process_reader_win.cc(151)] SuspendThread: Access is denied. (0x5)
[1123/081751.743:ERROR:process_reader_win.cc(151)] SuspendThread: Access is denied. (0x5)
[1123/081751.743:ERROR:process_reader_win.cc(151)] SuspendThread: Access is denied. (0x5)
[1123/081751.743:ERROR:process_reader_win.cc(151)] SuspendThread: Access is denied. (0x5)
[1123/081751.743:ERROR:process_reader_win.cc(151)] SuspendThread: Access is denied. (0x5)
[1123/081751.743:ERROR:process_reader_win.cc(151)] SuspendThread: Access is denied. (0x5)
[1123/081751.743:ERROR:process_reader_win.cc(151)] SuspendThread: Access is denied. (0x5)
[1123/081751.743:ERROR:process_reader_win.cc(123)] NtOpenThread: {Access Denied} A process has requested access to an object, but has not been granted those access rights. (0xc0000022)
[1123/081751.743:ERROR:exception_snapshot_win.cc(99)] thread ID 6340 not found in process
[1123/081751.759:ERROR:process_reader_win.cc(151)] SuspendThread: Access is denied. (0x5)
[1123/081751.759:ERROR:process_reader_win.cc(151)] SuspendThread: Access is denied. (0x5)
[1123/081751.759:ERROR:process_reader_win.cc(151)] SuspendThread: Access is denied. (0x5)
[1123/081751.759:ERROR:process_reader_win.cc(151)] SuspendThread: Access is denied. (0x5)
[1123/081751.759:ERROR:process_reader_win.cc(151)] SuspendThread: Access is denied. (0x5)
[1123/081751.759:ERROR:process_reader_win.cc(151)] SuspendThread: Access is denied. (0x5)
[1123/081751.759:ERROR:process_reader_win.cc(151)] SuspendThread: Access is denied. (0x5)
[1123/081751.759:ERROR:process_reader_win.cc(151)] SuspendThread: Access is denied. (0x5)
[1123/081751.759:ERROR:process_reader_win.cc(151)] SuspendThread: Access is denied. (0x5)
[1123/081751.759:ERROR:process_reader_win.cc(151)] SuspendThread: Access is denied. (0x5)
[1123/081751.759:ERROR:process_reader_win.cc(151)] SuspendThread: Access is denied. (0x5)
[1123/081751.759:ERROR:process_reader_win.cc(151)] SuspendThread: Access is denied. (0x5)
[1123/081751.759:ERROR:process_reader_win.cc(151)] SuspendThread: Access is denied. (0x5)
[1123/081751.759:ERROR:process_reader_win.cc(123)] NtOpenThread: {Access Denied} A process has requested access to an object, but has not been granted those access rights. (0xc0000022)
[1123/081751.759:ERROR:exception_snapshot_win.cc(99)] thread ID 8832 not found in process
[1123/081751.774:ERROR:process_reader_win.cc(151)] SuspendThread: Access is denied. (0x5)
[1123/081751.774:ERROR:process_reader_win.cc(151)] SuspendThread: Access is denied. (0x5)
[1123/081751.774:ERROR:process_reader_win.cc(151)] SuspendThread: Access is denied. (0x5)
[1123/081751.774:ERROR:process_reader_win.cc(151)] SuspendThread: Access is denied. (0x5)
[1123/081751.774:ERROR:process_reader_win.cc(151)] SuspendThread: Access is denied. (0x5)
[1123/081751.774:ERROR:process_reader_win.cc(151)] SuspendThread: Access is denied. (0x5)
[1123/081751.774:ERROR:process_reader_win.cc(151)] SuspendThread: Access is denied. (0x5)
[1123/081751.774:ERROR:process_reader_win.cc(151)] SuspendThread: Access is denied. (0x5)
[1123/081751.774:ERROR:process_reader_win.cc(151)] SuspendThread: Access is denied. (0x5)
[1123/081751.774:ERROR:process_reader_win.cc(151)] SuspendThread: Access is denied. (0x5)
[1123/081751.774:ERROR:process_reader_win.cc(151)] SuspendThread: Access is denied. (0x5)
[1123/081751.774:ERROR:process_reader_win.cc(151)] SuspendThread: Access is denied. (0x5)
[1123/081751.774:ERROR:process_reader_win.cc(123)] NtOpenThread: {Access Denied} A process has requested access to an object, but has not been granted those access rights. (0xc0000022)
[1123/081751.774:ERROR:exception_snapshot_win.cc(99)] thread ID 2640 not found in process
[1123/081751.774:ERROR:process_reader_win.cc(151)] SuspendThread: Access is denied. (0x5)
[1123/081751.774:ERROR:process_reader_win.cc(151)] SuspendThread: Access is denied. (0x5)
[1123/081751.774:ERROR:process_reader_win.cc(151)] SuspendThread: Access is denied. (0x5)
[1123/081751.774:ERROR:process_reader_win.cc(151)] SuspendThread: Access is denied. (0x5)
[1123/081751.774:ERROR:process_reader_win.cc(151)] SuspendThread: Access is denied. (0x5)
[1123/081751.774:ERROR:process_reader_win.cc(151)] SuspendThread: Access is denied. (0x5)
[1123/081751.774:ERROR:process_reader_win.cc(151)] SuspendThread: Access is denied. (0x5)
[1123/081751.774:ERROR:process_reader_win.cc(151)] SuspendThread: Access is denied. (0x5)
[1123/081751.774:ERROR:process_reader_win.cc(151)] SuspendThread: Access is denied. (0x5)
[1123/081751.774:ERROR:process_reader_win.cc(151)] SuspendThread: Access is denied. (0x5)
[1123/081751.774:ERROR:process_reader_win.cc(151)] SuspendThread: Access is denied. (0x5)
[1123/081751.774:ERROR:process_reader_win.cc(151)] SuspendThread: Access is denied. (0x5)
[1123/081751.774:ERROR:process_reader_win.cc(151)] SuspendThread: Access is denied. (0x5)
[1123/081751.774:ERROR:process_reader_win.cc(151)] SuspendThread: Access is denied. (0x5)
[1123/081751.774:ERROR:process_reader_win.cc(151)] SuspendThread: Access is denied. (0x5)
[1123/081751.774:ERROR:process_reader_win.cc(151)] SuspendThread: Access is denied. (0x5)
[1123/081751.774:ERROR:process_reader_win.cc(123)] NtOpenThread: {Access Denied} A process has requested access to an object, but has not been granted those access rights. (0xc0000022)
[1123/081751.774:ERROR:exception_snapshot_win.cc(99)] thread ID 6096 not found in process
[1123/161843.292:ERROR:directory_reader_win.cc(43)] FindFirstFile: The system cannot find the path specified. (0x3)
